<?xml version="1.0" encoding="UTF-8"?>
<!-- Generated by org.testng.reporters.JUnitReportReporter -->
<testsuite hostname="sakib" name="cstech.com.Testngtest.Test.BookFlight" tests="2" failures="0" timestamp="21 Aug 2017 11:47:27 GMT" time="3.232" errors="0">
  <testcase name="checkBookFlightPageTitle" time="0.114" classname="cstech.com.Testngtest.Test.BookFlight"/>
  <testcase name="bookflightTest" time="3.118" classname="cstech.com.Testngtest.Test.BookFlight"/>
</testsuite> <!-- cstech.com.Testngtest.Test.BookFlight -->
