<?xml version="1.0" encoding="UTF-8"?>
<!-- Generated by org.testng.reporters.JUnitReportReporter -->
<testsuite hostname="sakib" name="cstech.com.Testngtest.Test.Logintest" tests="2" failures="0" timestamp="21 Aug 2017 11:47:27 GMT" time="11.491" errors="0">
  <testcase name="loginTest" time="2.710" classname="cstech.com.Testngtest.Test.Logintest"/>
  <testcase name="checkHomePageTitle" time="8.781" classname="cstech.com.Testngtest.Test.Logintest"/>
</testsuite> <!-- cstech.com.Testngtest.Test.Logintest -->
