<?xml version="1.0" encoding="UTF-8"?>
<!-- Generated by org.testng.reporters.JUnitReportReporter -->
<testsuite hostname="sakib" name="cstech.com.Testngtest.Test.FlightFinder" tests="2" failures="0" timestamp="21 Aug 2017 11:47:27 GMT" time="6.276" errors="0">
  <testcase name="flightfinderTest2" time="3.480" classname="cstech.com.Testngtest.Test.FlightFinder"/>
  <testcase name="checkFlightFindPageTitle" time="2.796" classname="cstech.com.Testngtest.Test.FlightFinder"/>
</testsuite> <!-- cstech.com.Testngtest.Test.FlightFinder -->
