<?xml version="1.0" encoding="UTF-8"?>
<!-- Generated by org.testng.reporters.JUnitReportReporter -->
<testsuite hostname="sakib" name="cstech.com.Testngtest.Test.SelectFlight" tests="2" failures="0" timestamp="21 Aug 2017 11:47:27 GMT" time="4.281" errors="0">
  <testcase name="SelectFlight2" time="4.274" classname="cstech.com.Testngtest.Test.SelectFlight"/>
  <testcase name="waitforpageload2" time="0.007" classname="cstech.com.Testngtest.Test.SelectFlight"/>
</testsuite> <!-- cstech.com.Testngtest.Test.SelectFlight -->
